<?xml version="1.0" encoding="UTF-8"?>
<testng-results ignored="0" total="1" passed="1" failed="0" skipped="0">
  <reporter-output>
  </reporter-output>
  <suite started-at="2023-04-03T08:44:11 IST" name="Default suite" finished-at="2023-04-03T08:44:16 IST" duration-ms="4440">
    <groups>
    </groups>
    <test started-at="2023-04-03T08:44:11 IST" name="Default test" finished-at="2023-04-03T08:44:16 IST" duration-ms="4440">
      <class name="basics.GetListUser">
        <test-method signature="getListOfUsers()[pri:0, instance:basics.GetListUser@47faa49c]" started-at="2023-04-03T08:44:11 IST" name="getListOfUsers" finished-at="2023-04-03T08:44:16 IST" duration-ms="4364" status="PASS">
          <reporter-output>
          </reporter-output>
        </test-method> <!-- getListOfUsers -->
      </class> <!-- basics.GetListUser -->
    </test> <!-- Default test -->
  </suite> <!-- Default suite -->
</testng-results>
